Copyright 1986-2021 Xilinx, Inc. All Rights Reserved.
-----------------------------------------------------------------------------------------------------------------------------------------------------------------------
| Tool Version : Vivado v.2021.1 (win64) Build 3247384 Thu Jun 10 19:36:33 MDT 2021
| Date         : Wed Apr  8 12:51:37 2026
| Host         : gombiuter running 64-bit major release  (build 9200)
| Command      : report_methodology -file MSM_wrapper_methodology_drc_routed.rpt -pb MSM_wrapper_methodology_drc_routed.pb -rpx MSM_wrapper_methodology_drc_routed.rpx
| Design       : MSM_wrapper
| Device       : xc7z010clg400-1
| Speed File   : -1
| Design State : Fully Routed
-----------------------------------------------------------------------------------------------------------------------------------------------------------------------

Report Methodology

Table of Contents
-----------------
1. REPORT SUMMARY
2. REPORT DETAILS

1. REPORT SUMMARY
-----------------
            Netlist: netlist
          Floorplan: checkpoint_MSM_wrapper
      Design limits: <entire design considered>
             Max violations: <unlimited>
             Violations found: 53
+-----------+----------+-------------------------------+------------+
| Rule      | Severity | Description                   | Violations |
+-----------+----------+-------------------------------+------------+
| TIMING-18 | Warning  | Missing input or output delay | 53         |
+-----------+----------+-------------------------------+------------+

2. REPORT DETAILS
-----------------
TIMING-18#1 Warning
Missing input or output delay  
An input delay is missing on ACW[0] relative to clock(s) PL_clk_125
Related violations: <none>

TIMING-18#2 Warning
Missing input or output delay  
An input delay is missing on ACW[1] relative to clock(s) PL_clk_125
Related violations: <none>

TIMING-18#3 Warning
Missing input or output delay  
An input delay is missing on ACW[2] relative to clock(s) PL_clk_125
Related violations: <none>

TIMING-18#4 Warning
Missing input or output delay  
An input delay is missing on ACW[3] relative to clock(s) PL_clk_125
Related violations: <none>

TIMING-18#5 Warning
Missing input or output delay  
An input delay is missing on FCW[0] relative to clock(s) PL_clk_125
Related violations: <none>

TIMING-18#6 Warning
Missing input or output delay  
An input delay is missing on FCW[10] relative to clock(s) PL_clk_125
Related violations: <none>

TIMING-18#7 Warning
Missing input or output delay  
An input delay is missing on FCW[11] relative to clock(s) PL_clk_125
Related violations: <none>

TIMING-18#8 Warning
Missing input or output delay  
An input delay is missing on FCW[12] relative to clock(s) PL_clk_125
Related violations: <none>

TIMING-18#9 Warning
Missing input or output delay  
An input delay is missing on FCW[13] relative to clock(s) PL_clk_125
Related violations: <none>

TIMING-18#10 Warning
Missing input or output delay  
An input delay is missing on FCW[14] relative to clock(s) PL_clk_125
Related violations: <none>

TIMING-18#11 Warning
Missing input or output delay  
An input delay is missing on FCW[15] relative to clock(s) PL_clk_125
Related violations: <none>

TIMING-18#12 Warning
Missing input or output delay  
An input delay is missing on FCW[1] relative to clock(s) PL_clk_125
Related violations: <none>

TIMING-18#13 Warning
Missing input or output delay  
An input delay is missing on FCW[2] relative to clock(s) PL_clk_125
Related violations: <none>

TIMING-18#14 Warning
Missing input or output delay  
An input delay is missing on FCW[3] relative to clock(s) PL_clk_125
Related violations: <none>

TIMING-18#15 Warning
Missing input or output delay  
An input delay is missing on FCW[4] relative to clock(s) PL_clk_125
Related violations: <none>

TIMING-18#16 Warning
Missing input or output delay  
An input delay is missing on FCW[5] relative to clock(s) PL_clk_125
Related violations: <none>

TIMING-18#17 Warning
Missing input or output delay  
An input delay is missing on FCW[6] relative to clock(s) PL_clk_125
Related violations: <none>

TIMING-18#18 Warning
Missing input or output delay  
An input delay is missing on FCW[7] relative to clock(s) PL_clk_125
Related violations: <none>

TIMING-18#19 Warning
Missing input or output delay  
An input delay is missing on FCW[8] relative to clock(s) PL_clk_125
Related violations: <none>

TIMING-18#20 Warning
Missing input or output delay  
An input delay is missing on FCW[9] relative to clock(s) PL_clk_125
Related violations: <none>

TIMING-18#21 Warning
Missing input or output delay  
An input delay is missing on PCW[0] relative to clock(s) PL_clk_125
Related violations: <none>

TIMING-18#22 Warning
Missing input or output delay  
An input delay is missing on PCW[10] relative to clock(s) PL_clk_125
Related violations: <none>

TIMING-18#23 Warning
Missing input or output delay  
An input delay is missing on PCW[11] relative to clock(s) PL_clk_125
Related violations: <none>

TIMING-18#24 Warning
Missing input or output delay  
An input delay is missing on PCW[12] relative to clock(s) PL_clk_125
Related violations: <none>

TIMING-18#25 Warning
Missing input or output delay  
An input delay is missing on PCW[13] relative to clock(s) PL_clk_125
Related violations: <none>

TIMING-18#26 Warning
Missing input or output delay  
An input delay is missing on PCW[14] relative to clock(s) PL_clk_125
Related violations: <none>

TIMING-18#27 Warning
Missing input or output delay  
An input delay is missing on PCW[15] relative to clock(s) PL_clk_125
Related violations: <none>

TIMING-18#28 Warning
Missing input or output delay  
An input delay is missing on PCW[1] relative to clock(s) PL_clk_125
Related violations: <none>

TIMING-18#29 Warning
Missing input or output delay  
An input delay is missing on PCW[2] relative to clock(s) PL_clk_125
Related violations: <none>

TIMING-18#30 Warning
Missing input or output delay  
An input delay is missing on PCW[3] relative to clock(s) PL_clk_125
Related violations: <none>

TIMING-18#31 Warning
Missing input or output delay  
An input delay is missing on PCW[4] relative to clock(s) PL_clk_125
Related violations: <none>

TIMING-18#32 Warning
Missing input or output delay  
An input delay is missing on PCW[5] relative to clock(s) PL_clk_125
Related violations: <none>

TIMING-18#33 Warning
Missing input or output delay  
An input delay is missing on PCW[6] relative to clock(s) PL_clk_125
Related violations: <none>

TIMING-18#34 Warning
Missing input or output delay  
An input delay is missing on PCW[7] relative to clock(s) PL_clk_125
Related violations: <none>

TIMING-18#35 Warning
Missing input or output delay  
An input delay is missing on PCW[8] relative to clock(s) PL_clk_125
Related violations: <none>

TIMING-18#36 Warning
Missing input or output delay  
An input delay is missing on PCW[9] relative to clock(s) PL_clk_125
Related violations: <none>

TIMING-18#37 Warning
Missing input or output delay  
An input delay is missing on reset relative to clock(s) PL_clk_125
Related violations: <none>

TIMING-18#38 Warning
Missing input or output delay  
An output delay is missing on y[0] relative to clock(s) PL_clk_125
Related violations: <none>

TIMING-18#39 Warning
Missing input or output delay  
An output delay is missing on y[10] relative to clock(s) PL_clk_125
Related violations: <none>

TIMING-18#40 Warning
Missing input or output delay  
An output delay is missing on y[11] relative to clock(s) PL_clk_125
Related violations: <none>

TIMING-18#41 Warning
Missing input or output delay  
An output delay is missing on y[12] relative to clock(s) PL_clk_125
Related violations: <none>

TIMING-18#42 Warning
Missing input or output delay  
An output delay is missing on y[13] relative to clock(s) PL_clk_125
Related violations: <none>

TIMING-18#43 Warning
Missing input or output delay  
An output delay is missing on y[14] relative to clock(s) PL_clk_125
Related violations: <none>

TIMING-18#44 Warning
Missing input or output delay  
An output delay is missing on y[15] relative to clock(s) PL_clk_125
Related violations: <none>

TIMING-18#45 Warning
Missing input or output delay  
An output delay is missing on y[1] relative to clock(s) PL_clk_125
Related violations: <none>

TIMING-18#46 Warning
Missing input or output delay  
An output delay is missing on y[2] relative to clock(s) PL_clk_125
Related violations: <none>

TIMING-18#47 Warning
Missing input or output delay  
An output delay is missing on y[3] relative to clock(s) PL_clk_125
Related violations: <none>

TIMING-18#48 Warning
Missing input or output delay  
An output delay is missing on y[4] relative to clock(s) PL_clk_125
Related violations: <none>

TIMING-18#49 Warning
Missing input or output delay  
An output delay is missing on y[5] relative to clock(s) PL_clk_125
Related violations: <none>

TIMING-18#50 Warning
Missing input or output delay  
An output delay is missing on y[6] relative to clock(s) PL_clk_125
Related violations: <none>

TIMING-18#51 Warning
Missing input or output delay  
An output delay is missing on y[7] relative to clock(s) PL_clk_125
Related violations: <none>

TIMING-18#52 Warning
Missing input or output delay  
An output delay is missing on y[8] relative to clock(s) PL_clk_125
Related violations: <none>

TIMING-18#53 Warning
Missing input or output delay  
An output delay is missing on y[9] relative to clock(s) PL_clk_125
Related violations: <none>


